#####################################
Perceptron - ANN
#####################################
🚀 Training perceptron models...
--------------------------------------
"perceptron": {
    "max_iter": [1000, 2000],
    "tol": [1e-3, 1e-4],
    "eta0": [0.001, 0.01, 0.1],
    "penalty": [None, "l2", "l1"],
    "alpha": [0.0001, 0.001, 0.01]
},
--------------------------------------
PERFORMANCE METRICS DURING TRAINING AND TESTING 
--------------------------------------
2025-02-24 00:48:05,525 - INFO - 🔎 Training with Method: count...
2025-02-24 00:48:05,525 - INFO - 🚀 Training new model: Perceptron...
2025-02-24 01:17:13,769 - INFO - Best hyperparameters: {'alpha': 0.001, 'eta0': 0.001, 'max_iter': 1000, 'penalty': 'l2', 'tol': 0.001}
2025-02-24 01:17:13,770 - INFO - 

🎯 Running K-Fold Cross-Validation...
2025-02-24 01:17:28,679 - INFO - 📊 Average Accuracy: 66%
2025-02-24 01:17:28,680 - INFO - 📊 Average ROC AUC: 66%
2025-02-24 01:17:28,681 - INFO - 📊 Average F1 Score: 65%
2025-02-24 01:17:28,683 - INFO - 📊 Average Precision: 69%
2025-02-24 01:17:28,684 - INFO - 📊 Average Recall: 63%

TESTING 
2025-02-24 01:52:10,818 - INFO - Accuracy: 0.6825
2025-02-24 01:52:10,818 - INFO - Precision: 0.7202
2025-02-24 01:52:10,819 - INFO - Recall: 0.6250
2025-02-24 01:52:10,819 - INFO - F1 Score: 0.6692
2025-02-24 01:52:10,820 - INFO - ROC AUC: 0.7551713204024317

--------------------------------------
2025-02-24 01:17:31,601 - INFO - 🔎 Training with Method: tfidf...
2025-02-24 01:17:31,603 - INFO - 🚀 Training new model: Perceptron...
2025-02-24 01:42:06,376 - INFO - Best hyperparameters: {'alpha': 0.0001, 'eta0': 0.001, 'max_iter': 1000, 'penalty': None, 'tol': 0.001}
2025-02-24 01:42:06,378 - INFO - 

🎯 Running K-Fold Cross-Validation...
2025-02-24 01:42:18,543 - INFO - 📊 Average Accuracy: 68%
2025-02-24 01:42:18,545 - INFO - 📊 Average ROC AUC: 68%
2025-02-24 01:42:18,546 - INFO - 📊 Average F1 Score: 68%
2025-02-24 01:42:18,547 - INFO - 📊 Average Precision: 70%
2025-02-24 01:42:18,548 - INFO - 📊 Average Recall: 68%

TESTING 
2025-02-24 01:52:11,022 - INFO - Accuracy: 0.6927
2025-02-24 01:52:11,023 - INFO - Precision: 0.7345
2025-02-24 01:52:11,024 - INFO - Recall: 0.6296
2025-02-24 01:52:11,025 - INFO - F1 Score: 0.6780
2025-02-24 01:52:11,026 - INFO - ROC AUC: 0.7736825739021294

--------------------------------------
2025-02-24 01:42:20,890 - INFO - 🔎 Training with Method: word2vec...
2025-02-24 01:42:20,891 - INFO - 🚀 Training new model: Perceptron...
2025-02-24 01:48:35,845 - INFO - Best hyperparameters: {'alpha': 0.0001, 'eta0': 0.1, 'max_iter': 1000, 'penalty': 'l2', 'tol': 0.0001}
2025-02-24 01:48:35,847 - INFO - 

🎯 Running K-Fold Cross-Validation...
2025-02-24 01:48:39,714 - INFO - 📊 Average Accuracy: 62%
2025-02-24 01:48:39,715 - INFO - 📊 Average ROC AUC: 62%
2025-02-24 01:48:39,716 - INFO - 📊 Average F1 Score: 65%
2025-02-24 01:48:39,717 - INFO - 📊 Average Precision: 64%
2025-02-24 01:48:39,718 - INFO - 📊 Average Recall: 71%

TESTING 
2025-02-24 01:52:11,109 - INFO - Accuracy: 0.5982
2025-02-24 01:52:11,109 - INFO - Precision: 0.8154
2025-02-24 01:52:11,110 - INFO - Recall: 0.2820
2025-02-24 01:52:11,111 - INFO - F1 Score: 0.4191
2025-02-24 01:52:11,112 - INFO - ROC AUC: 0.7479392563119756

--------------------------------------
2025-02-24 01:48:40,473 - INFO - 🔎 Training with Method: glove...
2025-02-24 01:48:40,474 - INFO - 🚀 Training new model: Perceptron...
2025-02-24 01:51:36,476 - INFO - Best hyperparameters: {'alpha': 0.01, 'eta0': 0.01, 'max_iter': 1000, 'penalty': 'l2', 'tol': 0.001}
2025-02-24 01:51:36,477 - INFO - 

🎯 Running K-Fold Cross-Validation...
2025-02-24 01:51:37,621 - INFO - 📊 Average Accuracy: 58%
2025-02-24 01:51:37,623 - INFO - 📊 Average ROC AUC: 57%
2025-02-24 01:51:37,624 - INFO - 📊 Average F1 Score: 59%
2025-02-24 01:51:37,624 - INFO - 📊 Average Precision: 61%
2025-02-24 01:51:37,626 - INFO - 📊 Average Recall: 72%

2025-02-24 01:52:11,171 - INFO - Accuracy: 0.6270
2025-02-24 01:52:11,171 - INFO - Precision: 0.7016
2025-02-24 01:52:11,173 - INFO - Recall: 0.4772
2025-02-24 01:52:11,173 - INFO - F1 Score: 0.5680
2025-02-24 01:52:11,174 - INFO - ROC AUC: 0.6951162157211607

--------------------------------------
BEST MODEL 
- based on testing performance 
- priority: based on Accuracy > F1 > Roc AUC
--------------------------------------
{
    "method": "tfidf",
    "model": "perceptron",
    "hyperparameters": {
        "alpha": 0.0001,
        "eta0": 0.001,
        "max_iter": 1000,
        "penalty": None,
        "tol": 0.001
    },
    "performance": {
        "accuracy": 0.6927,
        "precision": 0.7345,
        "recall": 0.6296,
        "f1": 0.6780,
        "roc_auc": 0.7736825739021294
    }
}