#####################################
HMM
#####################################
🚀 Training hmm models...
--------------------------------------

Trình bày cách thức tạo các hàm để train dùng HMM + hmmlearn.hmm.GaussianHMM
- Train thg này khác gì mấy thg model ML khác trong ass1: chỉ dùng đc count, vector int, ...
- Cách thức train, test, evaluate model

--------------------------------------
PERFORMANCE METRICS DURING TESTING 
--------------------------------------

2025-02-23 11:13:37,265 - INFO - 💾 Model saved to best_hmm.pkl
2025-02-23 11:13:37,320 - INFO - Model: HMM
2025-02-23 11:13:37,322 - INFO - Accuracy: 0.5141
2025-02-23 11:13:37,324 - INFO - Precision: 0.5156
2025-02-23 11:13:37,325 - INFO - Recall: 0.9552
2025-02-23 11:13:37,326 - INFO - F1 Score: 0.6697
2025-02-23 11:13:37,327 - INFO - ROC AUC: 0.4997

--------------------------------------
BEST MODEL (thg này có 1 method kia thôi nên chắc kh cần chỗ này)
- based on testing performance 
- priority: based on Accuracy > F1 > Roc AUC
--------------------------------------
{
    "model": "HMM",
    "performance": {
        "accuracy": 0.5141,
        "precision": 0.5156,
        "recall": 0.9552,
        "f1": 0.6697,
        "roc_auc": 0.4997
    }
}