2025-02-23 11:05:47,799 - INFO - 
🔎 Running feature extraction...

2025-02-23 11:05:47,802 - INFO - 
🔍 Processing feature extraction using: count...
2025-02-23 11:05:50,828 - INFO - ✅ count - Train shape: (80000, 2000), Test shape: (20000, 2000)
2025-02-23 11:05:50,830 - INFO - 
🔍 Processing feature extraction using: tfidf...
2025-02-23 11:05:54,882 - INFO - ✅ tfidf - Train shape: (80000, 2000), Test shape: (20000, 2000)
2025-02-23 11:05:54,884 - INFO - 
🔍 Processing feature extraction using: word2vec...
2025-02-23 11:05:54,886 - INFO - Creating /root/gensim-data
2025-02-23 11:09:39,259 - INFO - word2vec-google-news-300 downloaded
2025-02-23 11:09:39,262 - INFO - loading projection weights from /root/gensim-data/word2vec-google-news-300/word2vec-google-news-300.gz
2025-02-23 11:10:34,046 - INFO - KeyedVectors lifecycle event {'msg': 'loaded (3000000, 300) matrix of type float32 from /root/gensim-data/word2vec-google-news-300/word2vec-google-news-300.gz', 'binary': True, 'encoding': 'utf8', 'datetime': '2025-02-23T11:10:34.046800', 'gensim': '4.3.3', 'python': '3.10.12 (main, Nov  6 2024, 20:22:13) [GCC 11.4.0]', 'platform': 'Linux-6.6.56+-x86_64-with-glibc2.35', 'event': 'load_word2vec_format'}
2025-02-23 11:10:38,383 - INFO - ✅ word2vec - Train shape: (80000, 300), Test shape: (20000, 300)
2025-02-23 11:10:38,385 - INFO - 
🔍 Processing feature extraction using: glove...
2025-02-23 11:10:56,644 - INFO - glove-wiki-gigaword-100 downloaded
2025-02-23 11:10:56,647 - INFO - loading projection weights from /root/gensim-data/glove-wiki-gigaword-100/glove-wiki-gigaword-100.gz
2025-02-23 11:11:25,517 - INFO - KeyedVectors lifecycle event {'msg': 'loaded (400000, 100) matrix of type float32 from /root/gensim-data/glove-wiki-gigaword-100/glove-wiki-gigaword-100.gz', 'binary': False, 'encoding': 'utf8', 'datetime': '2025-02-23T11:11:25.517933', 'gensim': '4.3.3', 'python': '3.10.12 (main, Nov  6 2024, 20:22:13) [GCC 11.4.0]', 'platform': 'Linux-6.6.56+-x86_64-with-glibc2.35', 'event': 'load_word2vec_format'}
2025-02-23 11:11:30,429 - INFO - ✅ glove - Train shape: (80000, 100), Test shape: (20000, 100)
2025-02-23 11:12:55,841 - INFO - 
🔎 Running feature extraction and model training loop...

2025-02-23 11:12:55,842 - INFO - 
🚀 Training hmm models...

2025-02-23 11:13:37,265 - INFO - 💾 Model saved to best_hmm.pkl
2025-02-23 11:13:37,294 - INFO - Has predict_proba
2025-02-23 11:13:37,320 - INFO - Model: HMM
2025-02-23 11:13:37,321 - INFO - --------------------------------------------------
2025-02-23 11:13:37,322 - INFO - Accuracy: 0.5141
2025-02-23 11:13:37,324 - INFO - Precision: 0.5156
2025-02-23 11:13:37,325 - INFO - Recall: 0.9552
2025-02-23 11:13:37,326 - INFO - F1 Score: 0.6697
2025-02-23 11:13:37,327 - INFO - ROC AUC: 0.4997
2025-02-23 11:13:37,346 - INFO - 
🚀 Training bayesnet models...

2025-02-23 11:38:05,567 - INFO - Does not have predict_proba or decision_function
2025-02-23 11:40:26,487 - INFO - Model: Bayesian Network
2025-02-23 11:40:26,488 - INFO - --------------------------------------------------
2025-02-23 11:40:26,490 - INFO - Accuracy: 0.6495
2025-02-23 11:40:26,490 - INFO - Precision: 0.6364
2025-02-23 11:40:26,491 - INFO - Recall: 0.7476
2025-02-23 11:40:26,492 - INFO - F1 Score: 0.6875
2025-02-23 11:40:26,495 - INFO - ROC AUC: 0.7143
2025-02-23 11:41:22,962 - INFO - Already trained and tested model: hmm
2025-02-23 11:41:22,963 - INFO - Already trained and tested model: bayesnet
