#####################################
LSTM
#####################################
🚀 Training lstm models...

give information about how to train the model 
- check hàm train_cnn_lstm -> chém thông tin ra: có các layer gì, như thế nào, ưu nhược...

--------------------------------------
{
    "filters_1": [64, 128, 192, 256],
    "kernel_size_1": [3, 5, 7],
    "filters_2": [128, 256, 384, 512],
    "kernel_size_2": [3, 5],
    "lstm_units": [64, 128, 192, 256],
    "dense_units": [128, 256, 384, 512],
    "dropout": [0.3, 0.4, 0.5, 0.6],
    "learning_rate": [0.0005, 0.0001, 0.00005, 0.00001]
}

--------------------------------------
TESTING 

2025-02-25 07:41:09,652 - INFO - 🔹 accuracy: 0.7102500200271606
2025-02-25 07:41:09,652 - INFO - 🔹 precision: 0.6740335746188203
2025-02-25 07:41:09,653 - INFO - 🔹 recall: 0.8485700436257877
2025-02-25 07:41:09,654 - INFO - 🔹 f1_score: 0.7512982275438823
2025-02-25 07:41:09,656 - INFO - 🔹 roc_auc: 0.789069594304949

--------------------------------------
BEST MODEL 
- based on testing performance 
- priority: based on Accuracy > F1 > Roc AUC
--------------------------------------
{
    "hyperparameters": {
        "filters_1": 64,
        "kernel_size_1": 3,
        "filters_2": 128,
        "kernel_size_2": 3,
        "lstm_units": 64,
        "dense_units": 128,
        "dropout": 0.3,
        "learning_rate": 0.0005
    },
    "performance": {
        "val_accuracy": 0.7103,
        "precision": 0.6740,
        "recall": 0.8486,
        "f1_score": 0.7513,
        "roc_auc": 0.7891
    }
}