#####################################
Bayesian Network 
#####################################
🚀 Training bayesnet models...
--------------------------------------

Trình bày cách thức tạo các hàm để train dùng HMM + hmmlearn.hmm.GaussianHMM
- Train thg này khác gì mấy thg model ML khác trong ass1: 
+ dùng api gì đó lạ lạ: 
from pgmpy.models import BayesianNetwork
from pgmpy.estimators import MaximumLikelihoodEstimator
from pgmpy.inference import VariableElimination

- Cách thức train, test, evaluate model

--------------------------------------
PERFORMANCE METRICS DURING TESTING 
--------------------------------------

2025-02-23 11:40:26,487 - INFO - Model: Bayesian Network
2025-02-23 11:40:26,490 - INFO - Accuracy: 0.6495
2025-02-23 11:40:26,490 - INFO - Precision: 0.6364
2025-02-23 11:40:26,491 - INFO - Recall: 0.7476
2025-02-23 11:40:26,492 - INFO - F1 Score: 0.6875
2025-02-23 11:40:26,495 - INFO - ROC AUC: 0.7143

--------------------------------------
BEST MODEL (thg này có 1 method kia thôi nên chắc kh cần chỗ này)
- based on testing performance 
- priority: based on Accuracy > F1 > Roc AUC
--------------------------------------
{
    "method": "Bayesian Network",
    "performance": {
        "accuracy": 0.6495,
        "precision": 0.6364,
        "recall": 0.7476,
        "f1": 0.6875,
        "roc_auc": 0.7143
    }
}