#####################################
Naive Bayes (hong dùng GA)
#####################################
🚀 Training bayesian models...
--------------------------------------
"bayesian": {
    "priors":   [None, 
                [0.5, 0.5], 
                [0.4, 0.6], 
                [0.3, 0.7],
                [0.2, 0.8], 
                [0.1, 0.9], 
                [0.05, 0.95]
            ],
    "var_smoothing": [1e-9, 1e-8, 1e-7]
},
--------------------------------------
PERFORMANCE METRICS DURING TRAINING AND TESTING 
--------------------------------------
2025-02-23 10:17:02,476 - INFO - 🔎 Training with Method: count...
2025-02-23 10:17:02,476 - INFO - 🚀 Training new model: GaussianNB...
2025-02-23 10:22:08,752 - INFO - Best hyperparameters: {'priors': [0.3, 0.7], 'var_smoothing': 1e-09}
2025-02-23 10:22:08,753 - INFO - 

🎯 Running K-Fold Cross-Validation...
2025-02-23 10:22:34,741 - INFO - 📊 Average Accuracy: 69%
2025-02-23 10:22:34,741 - INFO - 📊 Average ROC AUC: 69%
2025-02-23 10:22:34,743 - INFO - 📊 Average F1 Score: 71%
2025-02-23 10:22:34,745 - INFO - 📊 Average Precision: 69%
2025-02-23 10:22:34,746 - INFO - 📊 Average Recall: 72%

TESTING 
2025-02-23 20:40:22,537 - INFO - Accuracy: 0.7134
2025-02-23 20:40:22,537 - INFO - Precision: 0.7151
2025-02-23 20:40:22,538 - INFO - Recall: 0.7350
2025-02-23 20:40:22,539 - INFO - F1 Score: 0.7250
2025-02-23 20:40:22,540 - INFO - ROC AUC: 0.7463491512402551

--------------------------------------
2025-02-23 10:22:37,554 - INFO - 🔎 Training with Method: tfidf...
2025-02-23 10:22:37,554 - INFO - 🚀 Training new model: GaussianNB...
2025-02-23 10:26:58,021 - INFO - Best hyperparameters: {'priors': [0.05, 0.95], 'var_smoothing': 1e-07}
2025-02-23 10:26:58,022 - INFO - 

🎯 Running K-Fold Cross-Validation...
2025-02-23 10:27:21,358 - INFO - 📊 Average Accuracy: 69%
2025-02-23 10:27:21,358 - INFO - 📊 Average ROC AUC: 69%
2025-02-23 10:27:21,359 - INFO - 📊 Average F1 Score: 70%
2025-02-23 10:27:21,360 - INFO - 📊 Average Precision: 69%
2025-02-23 10:27:21,361 - INFO - 📊 Average Recall: 71%

TESTING 
2025-02-23 20:40:23,620 - INFO - Accuracy: 0.7013
2025-02-23 20:40:23,620 - INFO - Precision: 0.7038
2025-02-23 20:40:23,621 - INFO - Recall: 0.7228
2025-02-23 20:40:23,622 - INFO - F1 Score: 0.7132
2025-02-23 20:40:23,622 - INFO - ROC AUC: 0.7357288573949905

--------------------------------------
2025-02-24 01:47:47,736 - INFO - 🔎 Training with Method: word2vec...
2025-02-24 01:47:47,737 - INFO - 🚀 Training new model: GaussianNB...
2025-02-24 01:48:30,913 - INFO - Best hyperparameters: {'priors': [0.05, 0.95], 'var_smoothing': 1e-09}
2025-02-24 01:48:30,914 - INFO - 

🎯 Running K-Fold Cross-Validation...
2025-02-24 01:48:34,544 - INFO - 📊 Average Accuracy: 61%
2025-02-24 01:48:34,544 - INFO - 📊 Average ROC AUC: 61%
2025-02-24 01:48:34,545 - INFO - 📊 Average F1 Score: 60%
2025-02-24 01:48:34,547 - INFO - 📊 Average Precision: 64%
2025-02-24 01:48:34,548 - INFO - 📊 Average Recall: 57%

TESTING 
2025-02-24 01:51:32,185 - INFO - Accuracy: 0.6172
2025-02-24 01:51:32,186 - INFO - Precision: 0.6438
2025-02-24 01:51:32,187 - INFO - Recall: 0.5710
2025-02-24 01:51:32,187 - INFO - F1 Score: 0.6052
2025-02-24 01:51:32,189 - INFO - ROC AUC: 0.6742756499634603

--------------------------------------
2025-02-24 01:48:35,191 - INFO - 🔎 Training with Method: glove...
2025-02-24 01:48:35,192 - INFO - 🚀 Training new model: GaussianNB...
2025-02-24 01:48:49,710 - INFO - Best hyperparameters: {'priors': [0.2, 0.8], 'var_smoothing': 1e-09}
2025-02-24 01:48:49,711 - INFO - 

🎯 Running K-Fold Cross-Validation...
2025-02-24 01:48:50,943 - INFO - 📊 Average Accuracy: 62%
2025-02-24 01:48:50,945 - INFO - 📊 Average ROC AUC: 62%
2025-02-24 01:48:50,945 - INFO - 📊 Average F1 Score: 65%
2025-02-24 01:48:50,947 - INFO - 📊 Average Precision: 62%
2025-02-24 01:48:50,948 - INFO - 📊 Average Recall: 68%

2025-02-24 01:51:32,289 - INFO - Accuracy: 0.6258
2025-02-24 01:51:32,290 - INFO - Precision: 0.6246
2025-02-24 01:51:32,291 - INFO - Recall: 0.6808
2025-02-24 01:51:32,293 - INFO - F1 Score: 0.6515
2025-02-24 01:51:32,293 - INFO - ROC AUC: 0.670421287549724

--------------------------------------
BEST MODEL 
- based on testing performance 
- priority: based on Accuracy > F1 > Roc AUC
--------------------------------------
{
    "method": "count",
    "model": "GaussianNB",
    "hyperparameters": {
        "priors": [0.3, 0.7],
        "var_smoothing": 1e-09
    },
    "performance": {
        "accuracy": 0.7134,
        "precision": 0.7151,
        "recall": 0.7350,
        "f1": 0.7250,
        "roc_auc": 0.7463491512402551
    }
}